Filesystem              1K-blocks     Used Available Use% Mounted on
/dev/mapper/centos-root 165107712 21084336 144023376  13% /
04/17/24 02:00:01
find / -xdev  -size +499999c -exec ls -lc {} \; -o -fstype nfs -prune -o -name cdrom\* -prune -print 2> /dev/null | gawk
      999,925 apache   Mar 05 16:42 /www/vhosts/oneworld365.org/htdocs/img/000/54/54628.jpg
      999,925 apache   Mar 05 16:42 /www/vhosts/oneworld365.org/htdocs/img/000/54/54395.jpg
      999,925 apache   Mar 05 16:42 /www/vhosts/oneworld365.org/htdocs/img/000/54/54373.jpg
      999,402 apache   Jan 21 10:23 /www/vhosts/oneworld365.org/htdocs_prod_20240304/upload/cv/cv_7677179
      999,289 web_developer Mar 05 16:42 /www/vhosts/oneworld365.org/htdocs/img/000/29/29022.jpg
      998,845 web_developer Mar 05 16:42 /www/vhosts/oneworld365.org/htdocs/img/000/49/49445.jpg
      998,282 apache   Mar 05 16:42 /www/vhosts/oneworld365.org/htdocs/img/000/54/54631.jpg
      998,282 apache   Mar 05 16:42 /www/vhosts/oneworld365.org/htdocs/img/000/54/54333.jpg
      997,921 apache   Mar 05 16:42 /www/vhosts/oneworld365.org/htdocs/img/000/54/54356.jpg
      997,678 apache   Mar 05 16:42 /www/vhosts/oneworld365.org/htdocs/img/000/54/54396.jpg
      997,678 apache   Mar 05 16:42 /www/vhosts/oneworld365.org/htdocs/img/000/54/54374.jpg
      997,111 web_developer Mar 05 16:42 /www/vhosts/oneworld365.org/htdocs/img/000/42/42602.jpg
      996,707 web_developer Mar 05 16:42 /www/vhosts/oneworld365.org/htdocs/img/000/52/52662.jpg
      995,604 apache   Mar 05 16:42 /www/vhosts/oneworld365.org/htdocs/img/000/54/54651.jpg
      995,604 apache   Mar 05 16:42 /www/vhosts/oneworld365.org/htdocs/img/000/54/54385.jpg
      995,604 apache   Mar 05 16:42 /www/vhosts/oneworld365.org/htdocs/img/000/54/54362.jpg
      995,362 web_developer Mar 05 16:42 Colombia.jpg
      993,627 web_developer Mar 05 16:42 /www/vhosts/oneworld365.org/htdocs/img/000/31/31619.jpg
      993,541 web_developer Mar 05 16:42 /www/vhosts/oneworld365.org/htdocs/img/000/35/35959_lf.jpg
      993,541 web_developer Mar 05 16:42 /www/vhosts/oneworld365.org/htdocs/img/000/35/35937_lf.jpg
      993,513 web_developer Mar 05 16:42 /www/vhosts/oneworld365.org/htdocs/img/000/32/32573.jpg
      993,491 web_developer Mar 05 16:42 /www/vhosts/oneworld365.org/htdocs/img/000/47/47610.png
      993,491 web_developer Mar 05 16:42 /www/vhosts/oneworld365.org/htdocs/img/000/47/47589.png
      993,450 web_developer Mar 05 16:42 /www/vhosts/oneworld365.org/htdocs/img/000/37/37605_l.jpg
      993,319 apache   Mar 05 16:42 /www/vhosts/oneworld365.org/htdocs/img/000/54/54392.jpg
      993,319 apache   Mar 05 16:42 /www/vhosts/oneworld365.org/htdocs/img/000/54/54370.jpg
      993,028 apache   Mar 05 16:42 /www/vhosts/oneworld365.org/htdocs/img/000/54/54703.jpg
      992,523 web_developer Mar 05 16:42 /www/vhosts/oneworld365.org/htdocs/img/000/52/52485.jpg
      991,734 apache   Mar 05 16:42 /www/vhosts/oneworld365.org/htdocs/img/000/54/54324.jpg
      991,616 root     Jun 26 2019  /usr/lib64/libstdc++.so.6.0.19
