                  relname                  | reltuples | relpages 
-------------------------------------------+-----------+----------
 enquiry                                   |    117958 |     6399
 keyword_idx_2                             |    573599 |     3134
 keyword_idx_2_word                        |    573599 |     1682
 keyword_idx_2_type                        |    573599 |     1576
 keyword_idx_2_id                          |    573599 |     1576
 pg_toast_88297                            |      6372 |     1385
 company                                   |     10891 |     1142
 sales_enquiry                             |      9802 |      720
 keyword_idx_1                             |     85557 |      636
 profile_hdr                               |      3587 |      616
 review                                    |      5739 |      427
 pg_toast_88409                            |      2086 |      420
 article                                   |      4533 |      356
 file                                      |     36612 |      350
 enquiry_id_key                            |    117958 |      327
 pg_toast_88595                            |      1594 |      320
 pg_toast_88460                            |      1220 |      229
 link_status                               |     14385 |      215
 pg_toast_2619                             |       462 |      210
 comp_act_map                              |     36481 |      198
 image_map                                 |     26885 |      172
 comp_country_map                          |     31114 |      169
 image                                     |     22024 |      162
 image_map_bak_20181017                    |     22244 |      142
 profile_version_data                      |     23165 |      140
 proj_freq_matrix                          |     24878 |      134
 profile_general                           |      3279 |      124
 image_restore                             |     14637 |      122
 comp_cat_map                              |     19559 |      106
 pg_statistic                              |      1128 |      103
 act_app                                   |      2629 |      103
 file_id_key                               |     36612 |      103
 image_bak_20181017                        |     13988 |      103
 pg_attribute                              |      5237 |       96
 cache                                     |      7899 |       94
 cv                                        |      7392 |       86
 reciprocal_link                           |      1958 |       85
 pg_toast_88769                            |       375 |       83
 prod_act_map                              |     15169 |       82
 email_to_friend                           |      2691 |       79
 pg_proc                                   |      2895 |       74
 image_map_20180413                        |     11249 |       72
 article_map_opts                          |      5698 |       71
 image_map_copy                            |     10777 |       69
 image_map_restore                         |     10779 |       69
 image_map_04052018                        |     10805 |       69
 pg_toast_88303                            |       320 |       67
 euser                                     |      2376 |       67
 image_map_archive                         |     10211 |       66
 article_map_backup                        |      7571 |       65
 placement                                 |       426 |       65
 pg_depend                                 |      8217 |       63
 image_bak                                 |      8338 |       62
 comp_cat_map_cat_id                       |     19559 |       56
 comp_cat_map_comp_id                      |     19559 |       56
 article_link                              |     10039 |       55
 camp_new                                  |      1543 |       53
 pg_toast_88657                            |       263 |       52
 pg_toast_2618                             |       226 |       52
 pg_collation                              |      1519 |       48
 prod_cat_map                              |      7404 |       41
 pg_description                            |      4509 |       39
 listing                                   |      2799 |       39
 article_profile_map                       |      7116 |       39
 article_map                               |      3940 |       39
 pg_toast_88834                            |       187 |       39
 refdata_map                               |      6946 |       38
 prod_act_map_archive                      |      8523 |       38
 profile_tour                              |       344 |       36
 pg_depend_depender_index                  |      8217 |       34
 pg_depend_reference_index                 |      8217 |       34
 pg_toast_88335                            |       160 |       33
 company_pkey                              |     10891 |       32
 comp_act_map_archive                      |      6917 |       31
 sales_enquiry_pkey                        |      9802 |       29
 profile_hdr_url_name_key                  |      3587 |       29
 pg_proc_proname_args_nsp_index            |      2895 |       28
 article_bak                               |       278 |       28
 image_map_bak                             |      4106 |       27
 prod_country_map                          |      6036 |       27
 profile_volunteer_project                 |       657 |       26
 pg_attribute_relid_attnam_index           |      5237 |       24
 comp_country_map_archive                  |      5190 |       23
 prod_cat_map_p_id                         |      7404 |       23
 cv_id_key                                 |      7392 |       23
 camp                                      |      3075 |       23
 prod_cat_map_cat_id                       |      7404 |       23
 refdata_map_type_index                    |      6946 |       21
 refdata_map_index                         |      6946 |       21
 pg_toast_88297_index                      |      6372 |       20
 pg_description_o_c_o_index                |      4509 |       20
 prod_country_map_archive                  |      3663 |       17
 pg_attribute_relid_attnum_index           |      5237 |       17
 pg_class                                  |       661 |       17
 pg_type                                   |       725 |       17
 prod_cat_map_archive                      |      3339 |       15
 pg_operator                               |       787 |       15
 article_id_key                            |      4533 |       15
 article_restore                           |       139 |       14
 pg_rewrite                                |       121 |       12
 comp_cat_map_archive                      |      2683 |       12
 company_archive                           |       263 |       12
 p_hdr_comp_id                             |      3587 |       12
 profile_hdr_id_key                        |      3587 |       12
 profile_general_p_hdr_id_key              |      3279 |       11
 pg_collation_name_enc_nsp_index           |      1519 |       10
 listing_id_key                            |      2799 |       10
 act_app_id_key                            |      2629 |       10
 email_to_friend_id_key                    |      2691 |       10
 pg_proc_oid_index                         |      2895 |       10
 pg_statistic_relid_att_inh_index          |      1128 |        9
 euser_id_key                              |      2376 |        9
 pg_class_relname_nsp_index                |       661 |        9
 pg_toast_88409_index                      |      2086 |        8
 pg_toast_88595_index                      |      1594 |        7
 pg_collation_oid_index                    |      1519 |        7
 sql_features                              |       671 |        7
 profile_job                               |       152 |        7
 pg_toast_88460_index                      |      1220 |        6
 img_map_bak921                            |       921 |        6
 pg_amop                                   |       709 |        6
 pg_index                                  |       241 |        6
 pg_operator_oprname_l_r_n_index           |       787 |        6
 pg_type_typname_nsp_index                 |       725 |        6
 pg_toast_2619_index                       |       462 |        5
 pg_amop_fam_strat_index                   |       709 |        5
 pg_class_oid_index                        |       661 |        5
 pg_class_tblspc_relfilenode_index         |       661 |        5
 pg_amop_opr_fam_index                     |       709 |        5
 pg_operator_oid_index                     |       787 |        5
 pg_toast_88844                            |        20 |        5
 pg_shdepend_depender_index                |       284 |        4
 pg_amproc                                 |       411 |        4
 placement_pkey                            |       426 |        4
 refdata_type_index                        |       394 |        4
 pg_amproc_oid_index                       |       411 |        4
 refdata_id_key                            |       394 |        4
 profile_volunteer_project_company_id_key  |       657 |        4
 activity                                  |       246 |        4
 pg_type_oid_index                         |       725 |        4
 profile_summercamp_company_id_key         |       477 |        4
 profile_summercamp                        |       477 |        4
 pg_amop_oid_index                         |       709 |        4
 pg_amproc_fam_proc_index                  |       411 |        4
 pg_toast_88769_index                      |       375 |        4
 pg_ts_config_map_index                    |       304 |        4
 pg_toast_88698                            |        15 |        3
 refdata                                   |       394 |        3
 pg_conversion                             |       132 |        3
 url_map                                   |       185 |        3
 tab_map                                   |       307 |        3
 pg_shdepend                               |       284 |        3
 pg_opclass                                |       133 |        3
 pg_namespace_nspname_index                |         6 |        2
 pg_authid_rolname_index                   |         8 |        2
 pg_authid_oid_index                       |         8 |        2
 pg_auth_members_role_member_index         |         3 |        2
 pg_auth_members_member_role_index         |         3 |        2
 pg_database_datname_index                 |         5 |        2
 pg_database_oid_index                     |         5 |        2
 pg_shdescription_o_c_index                |         3 |        2
 pg_pltemplate_name_index                  |         8 |        2
 pg_shdepend_reference_index               |       284 |        2
 pg_tablespace_oid_index                   |         2 |        2
 pg_tablespace_spcname_index               |         2 |        2
 pg_toast_88269                            |         7 |        2
 link                                      |       155 |        2
 pg_rewrite_oid_index                      |       121 |        2
 website_activity_map                      |       200 |        2
 pg_attrdef                                |        51 |        2
 profile_seasonaljobs_company_id_key       |        21 |        2
 feature_id_key                            |         5 |        2
 cat_act_map                               |       246 |        2
 prod_opt_map                              |       369 |        2
 contract_type_id_key                      |         6 |        2
 pg_conversion_default_index               |       132 |        2
 pg_conversion_name_nsp_index              |       132 |        2
 pg_ts_template_tmplname_index             |         5 |        2
 continent_id_key                          |         8 |        2
 pg_opclass_am_name_nsp_index              |       133 |        2
 duration_id_key                           |         6 |        2
 pg_ts_config_oid_index                    |        16 |        2
 pg_opfamily                               |       115 |        2
 pg_cast                                   |       219 |        2
 pg_am_oid_index                           |         6 |        2
 pg_attrdef_oid_index                      |        51 |        2
 pg_opfamily_am_name_nsp_index             |       115 |        2
 pg_cast_oid_index                         |       219 |        2
 pg_toast_88335_index                      |       160 |        2
 pg_constraint                             |        56 |        2
 pg_init_privs                             |       149 |        2
 feature_sidebar_item_id_key               |        57 |        2
 activity_pkey                             |       246 |        2
 pg_sequence_seqrelid_index                |        25 |        2
 pg_opclass_oid_index                      |       133 |        2
 pg_index_indrelid_index                   |       241 |        2
 profile_teaching_company_id_key           |        17 |        2
 cat_id                                    |         9 |        2
 pg_toast_88657_index                      |       263 |        2
 pg_aggregate                              |       139 |        2
 pg_index_indexrelid_index                 |       241 |        2
 pg_aggregate_fnoid_index                  |       139 |        2
 pg_language_oid_index                     |         4 |        2
 pg_ts_config_cfgname_index                |        16 |        2
 pg_rewrite_rel_rulename_index             |       121 |        2
 pg_am_name_index                          |         6 |        2
 pg_toast_88787_index                      |         2 |        2
 pg_toast_88269_index                      |         7 |        2
 url_maker_test_pkey                       |         3 |        2
 pg_conversion_oid_index                   |       132 |        2
 profile_type_id_key                       |         5 |        2
 pg_toast_88454_index                      |         1 |        2
 pg_toast_2618_index                       |       226 |        2
 pg_extension_name_index                   |         1 |        2
 pg_namespace_oid_index                    |         6 |        2
 pg_ts_parser_prsname_index                |         1 |        2
 pg_ts_parser_oid_index                    |         1 |        2
 pg_opfamily_oid_index                     |       115 |        2
 pg_constraint_contypid_index              |        56 |        2
 pg_language_name_index                    |         4 |        2
 pg_trigger_tgrelid_tgname_index           |        40 |        2
 country_pkey                              |       156 |        2
 pg_extension_oid_index                    |         1 |        2
 pg_toast_88698_index                      |        15 |        2
 price_range_id_key                        |         7 |        2
 website_pkey                              |         1 |        2
 pg_toast_88844_index                      |        20 |        2
 pg_constraint_conrelid_index              |        56 |        2
 refdata_type_id_key                       |        28 |        2
 listing_option_id_key                     |        54 |        2
 pg_trigger_tgconstraint_index             |        40 |        2
 pg_toast_88834_index                      |       187 |        2
 country                                   |       156 |        2
 link_id_key                               |       155 |        2
 pg_ts_template_oid_index                  |         5 |        2
 pg_range_rngtypid_index                   |         6 |        2
 pg_init_privs_o_c_o_index                 |       149 |        2
 pg_toast_88303_index                      |       320 |        2
 event_id_key                              |         3 |        2
 pg_ts_config_map                          |       304 |        2
 option_id_key                             |        24 |        2
 pg_constraint_conname_nsp_index           |        56 |        2
 pg_trigger_oid_index                      |        40 |        2
 profile_tour_p_hdr_id_key                 |       344 |        2
 profile_types_id_key                      |        10 |        2
 feature_sidebar_id_key                    |        10 |        2
 pg_ts_dict_dictname_index                 |        16 |        2
 pg_ts_dict_oid_index                      |        16 |        2
 profile_job_p_hdr_id_key                  |       152 |        2
 pg_attrdef_adrelid_adnum_index            |        51 |        2
 pg_cast_source_target_index               |       219 |        2
 pg_constraint_oid_index                   |        56 |        2
 affiliate_book_id_key                     |        13 |        2
 pg_inherits_parent_index                  |         0 |        1
 pg_language                               |         4 |        1
 package_id_key                            |         0 |        1
 option                                    |        24 |        1
 feature                                   |         5 |        1
 email_seq                                 |         1 |        1
 pg_statistic_ext_relid_index              |         0 |        1
 pg_user_mapping_oid_index                 |         0 |        1
 feature_sidebar_item                      |        57 |        1
 pg_toast_13673_index                      |         0 |        1
 duration                                  |         6 |        1
 profile_teaching                          |        17 |        1
 pg_replication_origin_roiident_index      |         0 |        1
 company_type                              |         4 |        1
 pg_toast_5698030_index                    |         0 |        1
 pg_shseclabel_object_index                |         0 |        1
 pg_publication_pubname_index              |         0 |        1
 pg_toast_13658_index                      |         0 |        1
 pg_toast_88828_index                      |         0 |        1
 pg_transform_oid_index                    |         0 |        1
 pg_toast_88793_index                      |         0 |        1
 pg_toast_88365_index                      |         0 |        1
 pg_toast_2609_index                       |         0 |        1
 pg_toast_5697999_index                    |         0 |        1
 pg_foreign_data_wrapper_oid_index         |         0 |        1
 pg_toast_5698057_index                    |         0 |        1
 pg_toast_5695660_index                    |         0 |        1
 pg_seclabel_object_index                  |         0 |        1
 pg_db_role_setting_databaseid_rol_index   |         0 |        1
 pg_foreign_data_wrapper_name_index        |         0 |        1
 pg_toast_13653_index                      |         0 |        1
 pg_toast_88671_index                      |         0 |        1
 article_seq                               |         1 |        1
 pg_event_trigger_evtname_index            |         0 |        1
 pg_event_trigger_oid_index                |         0 |        1
 cv_seq                                    |         1 |        1
 pg_toast_88808_index                      |         0 |        1
 pg_foreign_server_oid_index               |         0 |        1
 pg_statistic_ext_oid_index                |         0 |        1
 pg_statistic_ext_name_index               |         0 |        1
 pg_policy_polrelid_polname_index          |         0 |        1
 image_slider                              |         2 |        1
 pg_toast_13643_index                      |         0 |        1
 listing_option                            |        54 |        1
 refdata_type                              |        28 |        1
 listing_rate                              |        54 |        1
 pg_toast_5697010_index                    |         0 |        1
 pg_toast_13648_index                      |         0 |        1
 pg_trigger                                |        40 |        1
 pg_toast_88318_index                      |         0 |        1
 category                                  |         9 |        1
 pg_enum_oid_index                         |         0 |        1
 pg_ts_parser                              |         1 |        1
 pg_toast_88562_index                      |         0 |        1
 pg_toast_13663_index                      |         0 |        1
 pg_toast_2396_index                       |         0 |        1
 affiliate_book                            |        13 |        1
 pg_toast_88745_index                      |         0 |        1
 affiliate_book_seq                        |         1 |        1
 pg_foreign_server_name_index              |         0 |        1
 pg_toast_2604_index                       |         0 |        1
 pg_enum_typid_label_index                 |         0 |        1
 pg_policy_oid_index                       |         0 |        1
 pg_transform_type_lang_index              |         0 |        1
 pg_subscription_rel_srrelid_srsubid_index |         0 |        1
 pg_toast_5698048_index                    |         0 |        1
 pg_toast_88488_index                      |         0 |        1
 company_seq                               |         1 |        1
 pg_toast_88438_index                      |         0 |        1
 pg_toast_3596_index                       |         0 |        1
 pg_toast_88511_index                      |         0 |        1
 pg_toast_88878_index                      |         0 |        1
 pg_toast_5698220_index                    |         0 |        1
 pg_toast_5698021_index                    |         0 |        1
 pg_toast_5697990_index                    |         0 |        1
 pg_subscription_subname_index             |         0 |        1
 pg_toast_13668_index                      |         0 |        1
 profile_courses_company_id_key            |         0 |        1
 pg_toast_2620_index                       |         0 |        1
 pg_subscription_oid_index                 |         0 |        1
 pg_toast_88287_index                      |         0 |        1
 pg_toast_88480_index                      |         0 |        1
 pg_inherits_relid_seqno_index             |         0 |        1
 pg_toast_88869_index                      |         0 |        1
 package_company_id_key                    |         0 |        1
 pg_publication_rel_oid_index              |         0 |        1
 hostelbooker_map                          |       119 |        1
 indexer                                   |         1 |        1
 affiliate_book_map                        |       123 |        1
 pg_publication_oid_index                  |         0 |        1
 pg_toast_88757_index                      |         0 |        1
 link_word                                 |        23 |        1
 image_seq                                 |         1 |        1
 event                                     |         3 |        1
 pg_toast_88852_index                      |         0 |        1
 pg_default_acl_role_nsp_obj_index         |         0 |        1
 pg_ts_config                              |        16 |        1
 sql_packages                              |        10 |        1
 pg_replication_origin_roname_index        |         0 |        1
 file_seq                                  |         1 |        1
 placement_seq                             |         1 |        1
 profile_quota_hist_seq                    |         1 |        1
 refdata_seq                               |         1 |        1
 review_seq                                |         1 |        1
 sales_enquiry_seq                         |         1 |        1
 state_id                                  |         1 |        1
 pg_ts_template                            |         5 |        1
 option_seq                                |         1 |        1
 camp_attended                             |        17 |        1
 event_seq                                 |         1 |        1
 news_seq                                  |         1 |        1
 pg_toast_1255_index                       |         0 |        1
 pg_toast_2964_index                       |         0 |        1
 pg_sequence                               |        25 |        1
 pg_toast_88454                            |         1 |        1
 pg_authid                                 |         8 |        1
 listing_seq                               |         1 |        1
 link_seq                                  |         1 |        1
 year                                      |        21 |        1
 pg_range                                  |         6 |        1
 pg_ts_dict                                |        16 |        1
 pg_toast_5625042_index                    |         0 |        1
 link_cat_seq                              |         1 |        1
 pg_am                                     |         6 |        1
 state                                     |        51 |        1
 link2_seq                                 |         1 |        1
 problem_log                               |        35 |        1
 reciprocal_link_cat                       |         6 |        1
 pg_foreign_table_relid_index              |         0 |        1
 image_slider_image                        |        10 |        1
 continent                                 |         8 |        1
 pg_tablespace                             |         2 |        1
 pg_auth_members                           |         3 |        1
 pg_shdescription                          |         3 |        1
 tab                                       |         2 |        1
 link_category                             |         6 |        1
 pg_extension                              |         1 |        1
 img_map_seq                               |         1 |        1
 sql_parts                                 |         9 |        1
 pg_toast_88787                            |         2 |        1
 profile_type                              |         5 |        1
 sql_implementation_info                   |        12 |        1
 pg_namespace                              |         6 |        1
 image_slider_seq                          |         1 |        1
 link_map                                  |       155 |        1
 website_event_map                         |         4 |        1
 pg_database                               |         5 |        1
 pg_largeobject_loid_pn_index              |         0 |        1
 camp_keyword                              |        54 |        1
 template                                  |         2 |        1
 char_test                                 |         1 |        1
 sql_sizing                                |        23 |        1
 pg_default_acl_oid_index                  |         0 |        1
 sql_languages                             |         4 |        1
 enquiry_type                              |         4 |        1
 website                                   |         1 |        1
 profile_seasonaljobs                      |        21 |        1
 pg_pltemplate                             |         8 |        1
 comp_website_hp_map                       |         4 |        1
 pg_toast_5698039_index                    |         0 |        1
 website_category_map                      |        12 |        1
 act_app_seq                               |         1 |        1
 pg_toast_88359_index                      |         0 |        1
 profile_quota_history_id_key              |         0 |        1
 pg_toast_88817_index                      |         0 |        1
 pg_partitioned_table_partrelid_index      |         0 |        1
 pg_toast_88716_index                      |         0 |        1
 pg_toast_5537390_index                    |         0 |        1
 link_group                                |        10 |        1
 profile_types                             |        10 |        1
 url_maker_test                            |         3 |        1
 pg_toast_88733_index                      |         0 |        1
 pg_toast_3381_index                       |         0 |        1
 pg_user_mapping_user_server_index         |         0 |        1
 feature_sidebar                           |        10 |        1
 euser_seq                                 |         1 |        1
 price_range                               |         7 |        1
 pg_toast_3592_index                       |         0 |        1
 pg_toast_88382_index                      |         0 |        1
 pg_enum_typid_sortorder_index             |         0 |        1
 pg_toast_88279_index                      |         0 |        1
 pg_toast_2606_index                       |         0 |        1
 pg_publication_rel_prrelid_prpubid_index  |         0 |        1
 pg_toast_88569_index                      |         0 |        1
 contract_type                             |         6 |        1
 enquiry_seq                               |         1 |        1
 pg_toast_88626_index                      |         0 |        1
 pg_largeobject_metadata_oid_index         |         0 |        1
 pg_toast_88359                            |         0 |        0
 user_mappings                             |         0 |        0
 _pg_user_mappings                         |         0 |        0
 foreign_tables                            |         0 |        0
 user_mapping_options                      |         0 |        0
 pg_toast_88793                            |         0 |        0
 pg_toast_88382                            |         0 |        0
 pg_toast_2604                             |         0 |        0
 _pg_foreign_tables                        |         0 |        0
 foreign_servers                           |         0 |        0
 foreign_data_wrapper_options              |         0 |        0
 foreign_server_options                    |         0 |        0
 _pg_foreign_data_wrappers                 |         0 |        0
 pg_file_settings                          |         0 |        0
 column_options                            |         0 |        0
 _pg_foreign_table_columns                 |         0 |        0
 element_types                             |         0 |        0
 view_column_usage                         |         0 |        0
 _pg_foreign_servers                       |         0 |        0
 pg_toast_13668                            |         0 |        0
 user_defined_types                        |         0 |        0
 role_usage_grants                         |         0 |        0
 data_type_privileges                      |         0 |        0
 image_slider_page_map                     |         0 |        0
 pg_user_mapping                           |         0 |        0
 usage_privileges                          |         0 |        0
 role_udt_grants                           |         0 |        0
 udt_privileges                            |         0 |        0
 views                                     |         0 |        0
 triggers                                  |         0 |        0
 foreign_data_wrappers                     |         0 |        0
 cache_miss                                |         0 |        0
 prod_opt_map_archive                      |         0 |        0
 triggered_update_columns                  |         0 |        0
 website_link_cat_map                      |         0 |        0
 transforms                                |         0 |        0
 tables                                    |         0 |        0
 view_table_usage                          |         0 |        0
 role_table_grants                         |         0 |        0
 foreign_table_options                     |         0 |        0
 pg_transform                              |         0 |        0
 table_privileges                          |         0 |        0
 pg_toast_88318                            |         0 |        0
 pg_toast_2606                             |         0 |        0
 table_constraints                         |         0 |        0
 view_routine_usage                        |         0 |        0
 pg_seclabel                               |         0 |        0
 sequences                                 |         0 |        0
 role_column_grants                        |         0 |        0
 referential_constraints                   |         0 |        0
 pg_toast_1255                             |         0 |        0
 profile_quota_history                     |         0 |        0
 parameters                                |         0 |        0
 pg_enum                                   |         0 |        0
 schemata                                  |         0 |        0
 pg_toast_88488                            |         0 |        0
 key_column_usage                          |         0 |        0
 enabled_roles                             |         0 |        0
 domains                                   |         0 |        0
 pg_hba_file_rules                         |         0 |        0
 pg_toast_13653                            |         0 |        0
 pg_foreign_data_wrapper                   |         0 |        0
 routines                                  |         0 |        0
 domain_udt_usage                          |         0 |        0
 pg_largeobject                            |         0 |        0
 profile_hdr_archive                       |         0 |        0
 domain_constraints                        |         0 |        0
 pg_toast_88878                            |         0 |        0
 constraint_table_usage                    |         0 |        0
 role_routine_grants                       |         0 |        0
 constraint_column_usage                   |         0 |        0
 columns                                   |         0 |        0
 pg_toast_88279                            |         0 |        0
 cross_domain_map                          |         0 |        0
 pg_toast_88438                            |         0 |        0
 column_udt_usage                          |         0 |        0
 routine_privileges                        |         0 |        0
 column_privileges                         |         0 |        0
 pg_statistic_ext                          |         0 |        0
 column_domain_usage                       |         0 |        0
 collation_character_set_applicability     |         0 |        0
 pg_toast_3381                             |         0 |        0
 collations                                |         0 |        0
 pg_toast_88745                            |         0 |        0
 check_constraints                         |         0 |        0
 pg_toast_2964                             |         0 |        0
 pg_toast_88817                            |         0 |        0
 character_sets                            |         0 |        0
 pg_toast_3596                             |         0 |        0
 check_constraint_routine_usage            |         0 |        0
 administrable_role_authorizations         |         0 |        0
 applicable_roles                          |         0 |        0
 attributes                                |         0 |        0
 information_schema_catalog_name           |         0 |        0
 pg_user_mappings                          |         0 |        0
 pg_stat_progress_vacuum                   |         0 |        0
 profile_job_archive                       |         0 |        0
 pg_toast_5698021                          |         0 |        0
 profile_seasonaljobs_archive              |         0 |        0
 pg_toast_5698030                          |         0 |        0
 pg_stat_bgwriter                          |         0 |        0
 pg_settings                               |         0 |        0
 pg_subscription_rel                       |         0 |        0
 pg_stat_archiver                          |         0 |        0
 pg_policy                                 |         0 |        0
 pg_shseclabel                             |         0 |        0
 pg_toast_88852                            |         0 |        0
 pg_stat_xact_user_functions               |         0 |        0
 pg_toast_5625042                          |         0 |        0
 pg_toast_5697010                          |         0 |        0
 flickr_set                                |         0 |        0
 pg_stat_user_functions                    |         0 |        0
 pg_inherits                               |         0 |        0
 profile_teaching_archive                  |         0 |        0
 pg_toast_5698048                          |         0 |        0
 profile_volunteer_project_archive         |         0 |        0
 pg_toast_5698220                          |         0 |        0
 pg_event_trigger                          |         0 |        0
 pg_stat_database_conflicts                |         0 |        0
 pg_toast_88828                            |         0 |        0
 pg_subscription                           |         0 |        0
 pg_db_role_setting                        |         0 |        0
 profile_courses_archive                   |         0 |        0
 profile_tour_archive                      |         0 |        0
 pg_stat_database                          |         0 |        0
 pg_replication_slots                      |         0 |        0
 pg_stat_ssl                               |         0 |        0
 pg_stat_subscription                      |         0 |        0
 pg_toast_88511                            |         0 |        0
 camp_review                               |         0 |        0
 pg_stat_wal_receiver                      |         0 |        0
 pg_toast_88365                            |         0 |        0
 pg_stat_replication                       |         0 |        0
 pg_toast_13663                            |         0 |        0
 pg_stat_activity                          |         0 |        0
 pg_statio_user_sequences                  |         0 |        0
 pg_toast_5697990                          |         0 |        0
 pg_statio_sys_sequences                   |         0 |        0
 pg_statio_all_sequences                   |         0 |        0
 testimonial                               |         0 |        0
 package                                   |         0 |        0
 pg_toast_2396                             |         0 |        0
 flickr_map                                |         0 |        0
 website_news_map                          |         0 |        0
 pg_publication_rel                        |         0 |        0
 pg_statio_user_indexes                    |         0 |        0
 pg_statio_sys_indexes                     |         0 |        0
 pg_toast_88626                            |         0 |        0
 pg_toast_3592                             |         0 |        0
 pg_toast_88569                            |         0 |        0
 pg_toast_88716                            |         0 |        0
 profile_general_archive                   |         0 |        0
 pg_toast_5697999                          |         0 |        0
 pg_toast_5698057                          |         0 |        0
 profile_summercamp_archive                |         0 |        0
 pg_statio_all_indexes                     |         0 |        0
 pg_stat_user_indexes                      |         0 |        0
 pg_stat_sys_indexes                       |         0 |        0
 pg_stat_xact_sys_tables                   |         0 |        0
 pg_toast_5698039                          |         0 |        0
 pg_stat_sys_tables                        |         0 |        0
 pg_toast_13648                            |         0 |        0
 pg_stat_xact_all_tables                   |         0 |        0
 pg_stat_all_tables                        |         0 |        0
 sql_sizing_profiles                       |         0 |        0
 pg_toast_13673                            |         0 |        0
 pg_timezone_names                         |         0 |        0
 pg_timezone_abbrevs                       |         0 |        0
 pg_seclabels                              |         0 |        0
 pg_prepared_statements                    |         0 |        0
 pg_toast_5695660                          |         0 |        0
 pg_toast_2609                             |         0 |        0
 pg_prepared_xacts                         |         0 |        0
 pg_toast_13643                            |         0 |        0
 pg_available_extension_versions           |         0 |        0
 pg_available_extensions                   |         0 |        0
 pg_cursors                                |         0 |        0
 pg_publication_tables                     |         0 |        0
 pg_stats                                  |         0 |        0
 pg_sequences                              |         0 |        0
 pg_toast_88671                            |         0 |        0
 pg_toast_88757                            |         0 |        0
 pg_foreign_server                         |         0 |        0
 search_log                                |         0 |        0
 pg_indexes                                |         0 |        0
 pg_toast_2620                             |         0 |        0
 pg_replication_origin                     |         0 |        0
 pg_matviews                               |         0 |        0
 pg_tables                                 |         0 |        0
 pg_views                                  |         0 |        0
 pg_rules                                  |         0 |        0
 pg_policies                               |         0 |        0
 pg_user                                   |         0 |        0
 pg_group                                  |         0 |        0
 pg_locks                                  |         0 |        0
 pg_largeobject_metadata                   |         0 |        0
 pg_shadow                                 |         0 |        0
 pg_roles                                  |         0 |        0
 pg_stat_all_indexes                       |         0 |        0
 pg_statio_user_tables                     |         0 |        0
 pg_publication                            |         0 |        0
 pg_statio_sys_tables                      |         0 |        0
 pg_statio_all_tables                      |         0 |        0
 pg_stat_xact_user_tables                  |         0 |        0
 pg_stat_user_tables                       |         0 |        0
 pg_replication_origin_status              |         0 |        0
 pg_toast_88480                            |         0 |        0
 pg_toast_13658                            |         0 |        0
 profile_courses                           |         0 |        0
 pg_toast_5537390                          |         0 |        0
 pg_toast_88869                            |         0 |        0
 pg_toast_88808                            |         0 |        0
 pg_toast_88287                            |         0 |        0
 pg_default_acl                            |         0 |        0
 pg_foreign_table                          |         0 |        0
 flickr_photo                              |         0 |        0
 pg_config                                 |         0 |        0
 pg_toast_88562                            |         0 |        0
 pg_partitioned_table                      |         0 |        0
 pg_toast_88733                            |         0 |        0
(661 rows)

